<?xml version="1.0" encoding="UTF-8"?>
<!-- Generated by org.testng.reporters.JUnitReportReporter -->
<testsuite hostname="werns-MacBook-Pro.local" failures="0" tests="10" name="Tests.SeleniumTest" time="103.380" errors="0" timestamp="2024-10-26T15:18:02 BST" skipped="0">
  <testcase classname="Tests.SeleniumTest" name="validateSkodaPriceRange" time="10.977"/>
  <testcase classname="Tests.SeleniumTest" name="validateVolkswagenDetailsAreCorrect" time="14.953"/>
  <testcase classname="Tests.SeleniumTest" name="detailPageValidation" time="8.402"/>
  <testcase classname="Tests.SeleniumTest" name="validateToyotaDetailsAreCorrect" time="8.075"/>
  <testcase classname="Tests.SeleniumTest" name="validateBMVDetailsAreCorrect" time="7.249"/>
  <testcase classname="Tests.SeleniumTest" name="validateToyotaPriceRange" time="11.707"/>
  <testcase classname="Tests.SeleniumTest" name="homePageValidation" time="4.696"/>
  <testcase classname="Tests.SeleniumTest" name="validateBMVPriceRange" time="11.276"/>
  <testcase classname="Tests.SeleniumTest" name="validateVolkswagenPriceRange" time="17.598"/>
  <testcase classname="Tests.SeleniumTest" name="validateSkodaDetailsAreCorrect" time="8.447"/>
</testsuite> <!-- Tests.SeleniumTest -->
